This is LuaHBTeX, Version 1.17.0 (TeX Live 2023/Debian)  (format=lualatex 2025.3.14)  21 APR 2025 09:32
 restricted system commands enabled.
**/home/tobik/fyzika/lab0/protokol0
(/home/tobik/fyzika/lab0/protokol0.tex
LaTeX2e <2023-11-01> patch level 1
L3 programming layer <2024-01-22>
Lua module: luaotfload 2023-08-31 3.26 Lua based OpenType font support
Lua module: lualibs 2023-07-13 2.76 ConTeXt Lua standard libraries.
Lua module: lualibs-extended 2023-07-13 2.76 ConTeXt Lua libraries -- extended collection.
luaotfload | conf : Root cache directory is "/home/tobik/.texlive2023/texmf-var/luatex-cache/generic/names".
luaotfload | init : Loading fontloader "fontloader-2023-08-19.lua" from kpse-resolved path "/usr/share/texlive/texmf-dist/tex/luatex/luaotfload/fontloader-2023-08-19.lua".
Lua-only attribute luaotfload@noligature = 1
luaotfload | init : Context OpenType loader version 3.133
Inserting `luaotfload.node_processor' in `pre_linebreak_filter'.
Inserting `luaotfload.node_processor' in `hpack_filter'.
Inserting `luaotfload.glyph_stream' in `glyph_stream_provider'.
Inserting `luaotfload.define_font' in `define_font'.
Lua-only attribute luaotfload_color_attribute = 2
luaotfload | conf : Root cache directory is "/home/tobik/.texlive2023/texmf-var/luatex-cache/generic/names".
Inserting `luaotfload.harf.strip_prefix' in `find_opentype_file'.
Inserting `luaotfload.harf.strip_prefix' in `find_truetype_file'.
Removing  `luaotfload.glyph_stream' from `glyph_stream_provider'.
Inserting `luaotfload.harf.glyphstream' in `glyph_stream_provider'.
Inserting `luaotfload.harf.finalize_vlist' in `post_linebreak_filter'.
Inserting `luaotfload.harf.finalize_hlist' in `hpack_filter'.
Inserting `luaotfload.cleanup_files' in `wrapup_run'.
Inserting `luaotfload.harf.finalize_unicode' in `finish_pdffile'.
Inserting `luaotfload.glyphinfo' in `glyph_info'.
Lua-only attribute luaotfload.letterspace_done = 3
Inserting `luaotfload.aux.set_sscale_dimens' in `luaotfload.patch_font'.
Inserting `luaotfload.aux.set_font_index' in `luaotfload.patch_font'.
Inserting `luaotfload.aux.patch_cambria_domh' in `luaotfload.patch_font'.
Inserting `luaotfload.aux.fixup_fontdata' in `luaotfload.patch_font_unsafe'.
Inserting `luaotfload.aux.set_capheight' in `luaotfload.patch_font'.
Inserting `luaotfload.aux.set_xheight' in `luaotfload.patch_font'.
Inserting `luaotfload.rewrite_fontname' in `luaotfload.patch_font'.
Inserting `tracingstacklevels' in `input_level_string'. (/usr/share/texlive/texmf-dist/tex/latex/base/report.cls
Document Class: report 2023/05/17 v1.4n Standard LaTeX document class
(/usr/share/texlive/texmf-dist/tex/latex/base/size11.clo
File: size11.clo 2023/05/17 v1.4n Standard LaTeX file (size option)
luaotfload | db : Font names database loaded from /home/tobik/.texlive2023/texmf-var/luatex-cache/generic/names/luaotfload-names.luc.gz)
\c@part=\count185
\c@chapter=\count186
\c@section=\count187
\c@subsection=\count188
\c@subsubsection=\count189
\c@paragraph=\count190
\c@subparagraph=\count191
\c@figure=\count192
\c@table=\count193
\abovecaptionskip=\skip48
\belowcaptionskip=\skip49
\bibindent=\dimen139
) (/usr/share/texlive/texmf-dist/tex/latex/etoolbox/etoolbox.sty
Package: etoolbox 2020/10/05 v2.5k e-TeX tools for LaTeX (JAW)
\etb@tempcnta=\count194
) (/usr/share/texlive/texmf-dist/tex/latex/geometry/geometry.sty
Package: geometry 2020/01/02 v5.9 Page Geometry
 (/usr/share/texlive/texmf-dist/tex/latex/graphics/keyval.sty
Package: keyval 2022/05/29 v1.15 key=value parser (DPC)
\KV@toks@=\toks17
) (/usr/share/texlive/texmf-dist/tex/generic/iftex/ifvtex.sty
Package: ifvtex 2019/10/25 v1.7 ifvtex legacy package. Use iftex instead.
 (/usr/share/texlive/texmf-dist/tex/generic/iftex/iftex.sty
Package: iftex 2022/02/03 v1.0f TeX engine tests
))
\Gm@cnth=\count195
\Gm@cntv=\count196
\c@Gm@tempcnt=\count197
\Gm@bindingoffset=\dimen140
\Gm@wd@mp=\dimen141
\Gm@odd@mp=\dimen142
\Gm@even@mp=\dimen143
\Gm@layoutwidth=\dimen144
\Gm@layoutheight=\dimen145
\Gm@layouthoffset=\dimen146
\Gm@layoutvoffset=\dimen147
\Gm@dimlist=\toks18
) (/usr/share/texlive/texmf-dist/tex/latex/base/inputenc.sty
Package: inputenc 2021/02/14 v1.3d Input encoding file
\inpenc@prehook=\toks19
\inpenc@posthook=\toks20


Package inputenc Warning: inputenc package ignored with utf8 based engines.

) (/usr/share/texlive/texmf-dist/tex/generic/babel/babel.sty
Package: babel 2024/01/07 v24.1 The Babel package
 (/usr/share/texlive/texmf-dist/tex/generic/babel/luababel.def
\bbl@readstream=\read2
\l@dumylang=\language2
Package babel Info: Non-standard hyphenation setup on input line 118.
\l@nohyphenation=\language3
\l@vietnamese=\language4
\l@hebrew=\language5
\l@catalan=\language6
\l@telugu=\language7
\l@estonian=\language8
\l@ancientgreek=\language9
\l@russian=\language10
\l@galician=\language11
\l@ukrainian=\language12
\l@icelandic=\language13
\l@spanish=\language14
\l@swedish=\language15
\l@portuguese=\language16
\l@churchslavonic=\language17
\l@panjabi=\language18
\l@interlingua=\language19
\l@lithuanian=\language20
\l@serbianc=\language21
\l@gujarati=\language22
\l@serbian=\language23
\l@farsi=\language24
\l@marathi=\language25
\l@greek=\language26
\l@oriya=\language27
\l@tamil=\language28
\l@basque=\language29
\l@ngerman-x-2023-03-06=\language30
\l@ngerman=\language31
\l@ukenglish=\language32
\l@uppersorbian=\language33
\l@italian=\language34
\l@dutch=\language35
\l@armenian=\language36
\l@turkmen=\language37
\l@finnish=\language38
\l@kurmanji=\language39
\l@arabic=\language40
\l@turkish=\language41
\l@malayalam=\language42
\l@schoolfinnish=\language43
\l@romansh=\language44
\l@slovenian=\language45
\l@latin=\language46
\l@romanian=\language47
\l@irish=\language48
\l@usenglishmax=\language49
\l@indonesian=\language50
\l@assamese=\language51
\l@classiclatin=\language52
\l@hindi=\language53
\l@friulan=\language54
\l@swissgerman=\language55
\l@polish=\language56
\l@afrikaans=\language57
\l@sanskrit=\language58
\l@georgian=\language59
\l@german-x-2023-03-06=\language60
\l@czech=\language61
\l@mongolian=\language62
\l@french=\language63
\l@ethiopic=\language64
\l@occitan=\language65
\l@bulgarian=\language66
\l@bengali=\language67
\l@danish=\language68
\l@latvian=\language69
\l@macedonian=\language70
\l@nynorsk=\language71
\l@coptic=\language72
\l@pinyin=\language73
\l@monogreek=\language74
\l@slovak=\language75
\l@bokmal=\language76
\l@pali=\language77
\l@mongolianlmc=\language78
\l@liturgicallatin=\language79
\l@piedmontese=\language80
\l@ibycus=\language81
\l@kannada=\language82
\l@welsh=\language83
\l@esperanto=\language84
\l@belarusian=\language85
\l@croatian=\language86
\l@german=\language87
\l@thai=\language88
\l@hungarian=\language89
\babelcatcodetablenum=\catcodetable14
\bbl@pattcodes=\catcodetable15
)
\babel@savecnt=\count198
\U@D=\dimen148
\l@unhyphenated=\language90
 (/usr/share/texlive/texmf-dist/tex/generic/babel/luababel.def
\bbl@attr@locale=\attribute4
) (/usr/share/texlive/texmf-dist/tex/generic/babel-czech/czech.ldf
Language: czech 2008/07/06 v3.1a Czech support from the babel system
Package babel Info: Making " an active character on input line 172.
\cs@wordlen=\count199
Package babel Info: Making - an active character on input line 226.
 (/usr/share/texlive/texmf-dist/tex/generic/hyph-utf8/loadhyph/loadhyph-cs.tex UTF-8 Czech hyphenation patterns (/usr/share/texlive/texmf-dist/tex/generic/hyph-utf8/patterns/tex/hyph-cs.tex)))) (/usr/share/texlive/texmf-dist/tex/generic/babel/locale/cs/babel-czech.tex
Package babel Info: Importing font and identification data for czech
(babel)             from babel-cs.ini. Reported on input line 11.
) (/usr/share/texlive/texmf-dist/tex/latex/titlesec/titlesec.sty
Package: titlesec 2023/10/27 v2.16 Sectioning titles
\ttl@box=\box51
\beforetitleunit=\skip50
\aftertitleunit=\skip51
\ttl@plus=\dimen149
\ttl@minus=\dimen150
\ttl@toksa=\toks21
\titlewidth=\dimen151
\titlewidthlast=\dimen152
\titlewidthfirst=\dimen153
) (/usr/share/texlive/texmf-dist/tex/latex/pdfpages/pdfpages.sty
Package: pdfpages 2024/01/21 v0.5y Insert pages of external PDF documents (AM)
 (/usr/share/texlive/texmf-dist/tex/latex/base/ifthen.sty
Package: ifthen 2022/04/13 v1.1d Standard LaTeX ifthen package (DPC)
) (/usr/share/texlive/texmf-dist/tex/latex/tools/calc.sty
Package: calc 2023/07/08 v4.3 Infix arithmetic (KKT,FJ)
\calc@Acount=\count266
\calc@Bcount=\count267
\calc@Adimen=\dimen154
\calc@Bdimen=\dimen155
\calc@Askip=\skip52
\calc@Bskip=\skip53
LaTeX Info: Redefining \setlength on input line 80.
LaTeX Info: Redefining \addtolength on input line 81.
\calc@Ccount=\count268
\calc@Cskip=\skip54
) (/usr/share/texlive/texmf-dist/tex/latex/eso-pic/eso-pic.sty
Package: eso-pic 2023/05/03 v3.0c eso-pic (RN)
\ESO@tempdima=\dimen156
\ESO@tempdimb=\dimen157
 (/usr/share/texlive/texmf-dist/tex/latex/xcolor/xcolor.sty
Package: xcolor 2023/11/15 v3.01 LaTeX color extensions (UK)
 (/usr/share/texlive/texmf-dist/tex/latex/graphics-cfg/color.cfg
File: color.cfg 2016/01/02 v1.6 sample color configuration
)
Package xcolor Info: Driver file: luatex.def on input line 274.
 (/usr/share/texlive/texmf-dist/tex/latex/graphics-def/luatex.def
File: luatex.def 2022/09/22 v1.2d Graphics/color driver for luatex
) (/usr/share/texlive/texmf-dist/tex/latex/graphics/mathcolor.ltx)
Package xcolor Info: Model `cmy' substituted by `cmy0' on input line 1350.
Package xcolor Info: Model `hsb' substituted by `rgb' on input line 1354.
Package xcolor Info: Model `RGB' extended on input line 1366.
Package xcolor Info: Model `HTML' substituted by `rgb' on input line 1368.
Package xcolor Info: Model `Hsb' substituted by `hsb' on input line 1369.
Package xcolor Info: Model `tHsb' substituted by `hsb' on input line 1370.
Package xcolor Info: Model `HSB' substituted by `hsb' on input line 1371.
Package xcolor Info: Model `Gray' substituted by `gray' on input line 1372.
Package xcolor Info: Model `wave' substituted by `hsb' on input line 1373.
)) (/usr/share/texlive/texmf-dist/tex/latex/graphics/graphicx.sty
Package: graphicx 2021/09/16 v1.2d Enhanced LaTeX Graphics (DPC,SPQR)
 (/usr/share/texlive/texmf-dist/tex/latex/graphics/graphics.sty
Package: graphics 2022/03/10 v1.4e Standard LaTeX Graphics (DPC,SPQR)
 (/usr/share/texlive/texmf-dist/tex/latex/graphics/trig.sty
Package: trig 2021/08/11 v1.11 sin cos tan (DPC)
) (/usr/share/texlive/texmf-dist/tex/latex/graphics-cfg/graphics.cfg
File: graphics.cfg 2016/06/04 v1.11 sample graphics configuration
)
Package graphics Info: Driver file: luatex.def on input line 107.
)
\Gin@req@height=\dimen158
\Gin@req@width=\dimen159
)
\AM@pagewidth=\dimen160
\AM@pageheight=\dimen161
\AM@fboxrule=\dimen162
 (/usr/share/texlive/texmf-dist/tex/latex/pdfpages/ppluatex.def
File: ppluatex.def 2024/01/21 v0.5y Pdfpages driver for LuaTeX (AM)
)
\pdfpages@includegraphics@status=\count269
\AM@pagebox=\box52
\AM@global@opts=\toks22
\AM@pagecnt=\count270
\AM@toc@title=\toks23
\AM@lof@heading=\toks24
\c@AM@survey=\count271
\AM@templatesizebox=\box53
) (/usr/share/texlive/texmf-dist/tex/latex/tools/tabularx.sty
Package: tabularx 2023/07/08 v2.11c `tabularx' package (DPC)
 (/usr/share/texlive/texmf-dist/tex/latex/tools/array.sty
Package: array 2023/10/16 v2.5g Tabular extension package (FMi)
\col@sep=\dimen163
\ar@mcellbox=\box54
\extrarowheight=\dimen164
\NC@list=\toks25
\extratabsurround=\skip55
\backup@length=\skip56
\ar@cellbox=\box55
)
\TX@col@width=\dimen165
\TX@old@table=\dimen166
\TX@old@col=\dimen167
\TX@target=\dimen168
\TX@delta=\dimen169
\TX@cols=\count272
\TX@ftn=\toks26
) (/usr/share/texlive/texmf-dist/tex/latex/l3backend/l3backend-luatex.def
File: l3backend-luatex.def 2024-01-04 L3 backend support: PDF output (LuaTeX)
\l__color_backend_stack_int=\count273
Inserting `l3color' in `luaotfload.parse_color'.
\l__pdf_internal_box=\box56
) (/home/tobik/fyzika/lab0/protokol0.aux)
\openout1 = protokol0.aux

LaTeX Font Info:    Checking defaults for OML/cmm/m/it on input line 16.
LaTeX Font Info:    ... okay on input line 16.
LaTeX Font Info:    Checking defaults for OMS/cmsy/m/n on input line 16.
LaTeX Font Info:    ... okay on input line 16.
LaTeX Font Info:    Checking defaults for OT1/cmr/m/n on input line 16.
LaTeX Font Info:    ... okay on input line 16.
LaTeX Font Info:    Checking defaults for T1/cmr/m/n on input line 16.
LaTeX Font Info:    ... okay on input line 16.
LaTeX Font Info:    Checking defaults for TS1/cmr/m/n on input line 16.
LaTeX Font Info:    Trying to load font information for TS1+cmr on input line 16.
 (/usr/share/texlive/texmf-dist/tex/latex/base/ts1cmr.fd
File: ts1cmr.fd 2023/04/13 v2.5m Standard LaTeX font definitions
)
LaTeX Font Info:    ... okay on input line 16.
LaTeX Font Info:    Checking defaults for TU/lmr/m/n on input line 16.
LaTeX Font Info:    ... okay on input line 16.
LaTeX Font Info:    Checking defaults for OMX/cmex/m/n on input line 16.
LaTeX Font Info:    ... okay on input line 16.
LaTeX Font Info:    Checking defaults for U/cmr/m/n on input line 16.
LaTeX Font Info:    ... okay on input line 16.

*geometry* driver: auto-detecting
*geometry* detected driver: luatex
*geometry* verbose mode - [ preamble ] result:
* driver: luatex
* paper: a4paper
* layout: <same size as paper>
* layoutoffset:(h,v)=(0.0pt,0.0pt)
* modes: 
* h-part:(L,W,R)=(72.26999pt, 452.9679pt, 72.26999pt)
* v-part:(T,H,B)=(72.26999pt, 700.50687pt, 72.26999pt)
* \paperwidth=597.50787pt
* \paperheight=845.04684pt
* \textwidth=452.9679pt
* \textheight=700.50687pt
* \oddsidemargin=0.0pt
* \evensidemargin=0.0pt
* \topmargin=-37.0pt
* \headheight=12.0pt
* \headsep=25.0pt
* \topskip=11.0pt
* \footskip=30.0pt
* \marginparwidth=50.0pt
* \marginparsep=10.0pt
* \columnsep=10.0pt
* \skip\footins=10.0pt plus 4.0pt minus 2.0pt
* \hoffset=0.0pt
* \voffset=0.0pt
* \mag=1000
* \@twocolumnfalse
* \@twosidefalse
* \@mparswitchfalse
* \@reversemarginfalse
* (1in=72.27pt=25.4mm, 1cm=28.453pt)

(/usr/share/texlive/texmf-dist/tex/context/base/mkii/supp-pdf.mkii
[Loading MPS to PDF converter (version 2006.09.02).]
\scratchcounter=\count274
\scratchdimen=\dimen170
\scratchbox=\box57
\nofMPsegments=\count275
\nofMParguments=\count276
\everyMPshowfont=\toks27
\MPscratchCnt=\count277
\MPscratchDim=\dimen171
\MPnumerator=\count278
\makeMPintoPDFobject=\count279
\everyMPtoPDFconversion=\toks28
) (/usr/share/texlive/texmf-dist/tex/latex/epstopdf-pkg/epstopdf-base.sty
Package: epstopdf-base 2020-01-24 v2.11 Base part for package epstopdf
Package epstopdf-base Info: Redefining graphics rule for `.eps' on input line 485.
 (/usr/share/texlive/texmf-dist/tex/latex/latexconfig/epstopdf-sys.cfg
File: epstopdf-sys.cfg 2010/07/13 v1.3 Configuration of (r)epstopdf for TeX Live
)) (/usr/share/texlive/texmf-dist/tex/latex/pdflscape/pdflscape.sty
Package: pdflscape 2022-10-27 v0.13 Display of landscape pages in PDF
 (/usr/share/texlive/texmf-dist/tex/latex/pdflscape/pdflscape-nometadata.sty
Package: pdflscape-nometadata 2022-10-28 v0.13 Display of landscape pages in PDF (HO)
 (/usr/share/texlive/texmf-dist/tex/latex/graphics/lscape.sty
Package: lscape 2020/05/28 v3.02 Landscape Pages (DPC)
)
Package pdflscape Info: Auto-detected driver: pdftex on input line 81.
))
<stamp.pdf, id=1, 598.235pt x 845.1575pt>
File: stamp.pdf Graphic file (type pdf)
<use stamp.pdf>
Package luatex.def Info: stamp.pdf  used on input line 17.
(luatex.def)             Requested size: 598.23354pt x 845.15544pt.
File: stamp.pdf Graphic file (type pdf)
<use stamp.pdf>
Package luatex.def Info: stamp.pdf  used on input line 17.
(luatex.def)             Requested size: 598.23354pt x 845.15544pt.
<stamp.pdf, id=4, page=1, 598.235pt x 845.1575pt>
File: stamp.pdf Graphic file (type pdf)
<use stamp.pdf, page 1>
Package luatex.def Info: stamp.pdf , page1 used on input line 17.
(luatex.def)             Requested size: 598.23354pt x 845.15544pt.
File: stamp.pdf Graphic file (type pdf)
<use stamp.pdf, page 1>
Package luatex.def Info: stamp.pdf , page1 used on input line 17.
(luatex.def)             Requested size: 597.7406pt x 844.45905pt.
File: stamp.pdf Graphic file (type pdf)
<use stamp.pdf, page 1>
Package luatex.def Info: stamp.pdf , page1 used on input line 17.
(luatex.def)             Requested size: 597.7406pt x 844.45905pt.
File: stamp.pdf Graphic file (type pdf)
<use stamp.pdf, page 1>
Package luatex.def Info: stamp.pdf , page1 used on input line 17.
(luatex.def)             Requested size: 597.7406pt x 844.45905pt.
File: stamp.pdf Graphic file (type pdf)
<use stamp.pdf, page 1>
Package luatex.def Info: stamp.pdf , page1 used on input line 17.
(luatex.def)             Requested size: 597.7406pt x 844.45905pt.
 [1


<./stamp.pdf>]
Kapitola 1.
Kapitola 2.
Kapitola 3.
[2{/var/lib/texmf/fonts/map/pdftex/updmap/pdftex.map}]
Underfull \hbox (badness 10000) in paragraph at lines 67--68

 []

LaTeX Font Info:    External font `cmex10' loaded for size
(Font)              <14.4> on input line 69.
LaTeX Font Info:    External font `cmex10' loaded for size
(Font)              <7> on input line 69.

Underfull \hbox (badness 10000) in paragraph at lines 69--72

 []

Kapitola 4.
[3

] (/home/tobik/fyzika/lab0/protokol0.aux)
 ***********
LaTeX2e <2023-11-01> patch level 1
L3 programming layer <2024-01-22>
 ***********
)

Here is how much of LuaTeX's memory you used:
 5464 strings out of 476553
 100000,1977958 words of node,token memory allocated
 535 words of node memory still in use:
   4 hlist, 1 vlist, 1 rule, 5 glue, 3 kern, 1 glyph, 26 attribute, 55 glue_spec, 14 attribute_list, 1 write nodes
   avail lists: 1:1,2:1575,3:240,4:40,5:396,6:100,7:2128,8:54,9:822,10:4,11:140
 27345 multiletter control sequences out of 65536+600000
 40 fonts using 2695375 bytes
 72i,17n,76p,279b,464s stack positions out of 10000i,1000n,20000p,200000b,200000s
</usr/share/texmf/fonts/opentype/public/lm/lmroman8-regular.otf></usr/share/texmf/fonts/opentype/public/lm/lmroman10-bold.otf></usr/share/texmf/fonts/opentype/public/lm/lmroman10-italic.otf></usr/share/texmf/fonts/opentype/public/lm/lmroman10-regular.otf></usr/share/texmf/fonts/opentype/public/lm/lmroman12-bold.otf></usr/share/texlive/texmf-dist/fonts/type1/public/amsfonts/cm/cmex10.pfb></usr/share/texlive/texmf-dist/fonts/type1/public/amsfonts/cm/cmmi10.pfb></usr/share/texlive/texmf-dist/fonts/type1/public/amsfonts/cm/cmmi12.pfb></usr/share/texlive/texmf-dist/fonts/type1/public/amsfonts/cm/cmr10.pfb></usr/share/texlive/texmf-dist/fonts/type1/public/amsfonts/cm/cmr12.pfb></usr/share/texlive/texmf-dist/fonts/type1/public/amsfonts/cm/cmsy10.pfb>
Output written on protokol0.pdf (3 pages, 89322 bytes).

PDF statistics: 81 PDF objects out of 1000 (max. 8388607)
 49 compressed objects within 1 object stream
 0 named destinations out of 1000 (max. 131072)
 1 words of extra memory for PDF output out of 10000 (max. 100000000)

